<?xml version="1.0" encoding="UTF-8"?>
<!-- Generated by org.testng.reporters.JUnitReportReporter -->
<testsuite skipped="0" hostname="GOD11259" name="com.psl.demo.TestClass" tests="1" failures="0" timestamp="27 Aug 2018 11:10:31 GMT" time="0.014" errors="0">
  <testcase name="test" time="0.014" classname="com.psl.demo.TestClass"/>
</testsuite> <!-- com.psl.demo.TestClass -->
