<?xml version="1.0" encoding="UTF-8"?>
<!-- Generated by org.testng.reporters.JUnitReportReporter -->
<testsuite skipped="0" hostname="GOD11259" name="com.amazon.testcases.AmazonMain" tests="4" failures="0" timestamp="30 Aug 2018 04:03:13 GMT" time="71.997" errors="0">
  <testcase name="proudctPage" time="27.218" classname="com.amazon.testcases.AmazonMain"/>
  <testcase name="proudctPage" time="12.672" classname="com.amazon.testcases.AmazonMain"/>
  <testcase name="productDelete" time="7.168" classname="com.amazon.testcases.AmazonMain"/>
  <testcase name="login" time="24.939" classname="com.amazon.testcases.AmazonMain"/>
</testsuite> <!-- com.amazon.testcases.AmazonMain -->
