<?xml version="1.0" encoding="UTF-8"?>
<!-- Generated by org.testng.reporters.JUnitReportReporter -->
<testsuite skipped="0" hostname="HP-PC" name="com.amazon.testcases.AmazonMain" tests="5" failures="0" timestamp="30 Aug 2018 18:05:06 GMT" time="103.628" errors="0">
  <testcase name="proudctPage" time="21.146" classname="com.amazon.testcases.AmazonMain"/>
  <testcase name="login" time="21.974" classname="com.amazon.testcases.AmazonMain"/>
  <testcase name="proudctPage" time="13.789" classname="com.amazon.testcases.AmazonMain"/>
  <testcase name="productDelete" time="9.415" classname="com.amazon.testcases.AmazonMain"/>
  <testcase name="mousehover" time="37.304" classname="com.amazon.testcases.AmazonMain"/>
</testsuite> <!-- com.amazon.testcases.AmazonMain -->
