<?xml version="1.0" encoding="UTF-8"?>
<!-- Generated by org.testng.reporters.JUnitReportReporter -->
<testsuite skipped="0" hostname="GOD11259" name="com.amazon.testcases.AmazonMain" tests="5" failures="0" timestamp="30 Aug 2018 12:33:18 GMT" time="125.146" errors="0">
  <testcase name="mousehover" time="38.576" classname="com.amazon.testcases.AmazonMain"/>
  <testcase name="proudctPage" time="16.656" classname="com.amazon.testcases.AmazonMain"/>
  <testcase name="proudctPage" time="33.976" classname="com.amazon.testcases.AmazonMain"/>
  <testcase name="productDelete" time="10.390" classname="com.amazon.testcases.AmazonMain"/>
  <testcase name="login" time="25.548" classname="com.amazon.testcases.AmazonMain"/>
</testsuite> <!-- com.amazon.testcases.AmazonMain -->
