<?xml version="1.0" encoding="UTF-8"?>
<!-- Generated by org.testng.reporters.JUnitReportReporter -->
<testsuite skipped="0" hostname="DELL-PC" name="com.amazon.testcases.VerifyAmazonLogin" tests="1" failures="0" timestamp="28 Aug 2018 17:44:56 GMT" time="33.954" errors="0">
  <testcase name="verifyValidLogin" time="33.954" classname="com.amazon.testcases.VerifyAmazonLogin"/>
</testsuite> <!-- com.amazon.testcases.VerifyAmazonLogin -->
