<?xml version="1.0" encoding="UTF-8"?>
<!-- Generated by org.testng.reporters.JUnitReportReporter -->
<testsuite skipped="0" hostname="GOD11259" name="com.amazon.testcases.VerifyAmazonLogin" tests="1" failures="0" timestamp="28 Aug 2018 10:57:58 GMT" time="253.551" errors="0">
  <testcase name="verifyValidLogin" time="253.551" classname="com.amazon.testcases.VerifyAmazonLogin"/>
</testsuite> <!-- com.amazon.testcases.VerifyAmazonLogin -->
