<?xml version="1.0" encoding="UTF-8"?>
<!-- Generated by org.testng.reporters.JUnitReportReporter -->
<testsuite skipped="0" hostname="GOD11259" name="com.amazon.testcases.AmazonMain" tests="4" failures="0" timestamp="29 Aug 2018 12:01:56 GMT" time="113.107" errors="0">
  <testcase name="productDelete" time="9.134" classname="com.amazon.testcases.AmazonMain"/>
  <testcase name="proudctPage" time="58.307" classname="com.amazon.testcases.AmazonMain"/>
  <testcase name="proudctPage" time="19.253" classname="com.amazon.testcases.AmazonMain"/>
  <testcase name="login" time="26.413" classname="com.amazon.testcases.AmazonMain"/>
</testsuite> <!-- com.amazon.testcases.AmazonMain -->
